[08-Feb-2017 02:19:10 UTC] [2017-02-08 02:19:10] local.ERROR: InvalidArgumentException: Database (homestead) does not exist. in C:\Users\clay.shekleton\hello_laravel_heroku\vendor\laravel\framework\src\Illuminate\Database\Connectors\SQLiteConnector.php:34
Stack trace:
#0 C:\Users\clay.shekleton\hello_laravel_heroku\vendor\laravel\framework\src\Illuminate\Database\Connectors\ConnectionFactory.php(221): Illuminate\Database\Connectors\SQLiteConnector->connect(Array)
#1 [internal function]: Illuminate\Database\Connectors\ConnectionFactory->Illuminate\Database\Connectors\{closure}()
#2 C:\Users\clay.shekleton\hello_laravel_heroku\vendor\laravel\framework\src\Illuminate\Database\Connection.php(882): call_user_func(Object(Closure))
#3 C:\Users\clay.shekleton\hello_laravel_heroku\vendor\laravel\framework\src\Illuminate\Database\Connection.php(903): Illuminate\Database\Connection->getPdo()
#4 C:\Users\clay.shekleton\hello_laravel_heroku\vendor\laravel\framework\src\Illuminate\Database\Connection.php(392): Illuminate\Database\Connection->getReadPdo()
#5 C:\Users\clay.shekleton\hello_laravel_heroku\vendor\laravel\framework\src\Illuminate\Database\Connection.php(318): Illuminate\Database\Connection->getPdoForSelect(true)
#6 C:\Users\clay.shekleton\hello_laravel_heroku\vendor\laravel\framework\src\Illuminate\Database\Connection.php(640): Illuminate\Database\Connection->Illuminate\Database\{closure}('select * from s...', Array)
#7 C:\Users\clay.shekleton\hello_laravel_heroku\vendor\laravel\framework\src\Illuminate\Database\Connection.php(607): Illuminate\Database\Connection->runQueryCallback('select * from s...', Array, Object(Closure))
#8 C:\Users\clay.shekleton\hello_laravel_heroku\vendor\laravel\framework\src\Illuminate\Database\Connection.php(326): Illuminate\Database\Connection->run('select * from s...', Array, Object(Closure))
#9 C:\Users\clay.shekleton\hello_laravel_heroku\vendor\laravel\framework\src\Illuminate\Database\Schema\Builder.php(72): Illuminate\Database\Connection->select('select * from s...', Array)
#10 C:\Users\clay.shekleton\hello_laravel_heroku\vendor\laravel\framework\src\Illuminate\Database\Migrations\DatabaseMigrationRepository.php(154): Illuminate\Database\Schema\Builder->hasTable('migrations')
#11 C:\Users\clay.shekleton\hello_laravel_heroku\vendor\laravel\framework\src\Illuminate\Database\Migrations\Migrator.php(530): Illuminate\Database\Migrations\DatabaseMigrationRepository->repositoryExists()
#12 C:\Users\clay.shekleton\hello_laravel_heroku\vendor\laravel\framework\src\Illuminate\Database\Console\Migrations\MigrateCommand.php(96): Illuminate\Database\Migrations\Migrator->repositoryExists()
#13 C:\Users\clay.shekleton\hello_laravel_heroku\vendor\laravel\framework\src\Illuminate\Database\Console\Migrations\MigrateCommand.php(62): Illuminate\Database\Console\Migrations\MigrateCommand->prepareDatabase()
#14 [internal function]: Illuminate\Database\Console\Migrations\MigrateCommand->fire()
#15 C:\Users\clay.shekleton\hello_laravel_heroku\vendor\laravel\framework\src\Illuminate\Container\BoundMethod.php(28): call_user_func_array(Array, Array)
#16 C:\Users\clay.shekleton\hello_laravel_heroku\vendor\laravel\framework\src\Illuminate\Support\helpers.php(912): Illuminate\Container\BoundMethod::Illuminate\Container\{closure}()
#17 C:\Users\clay.shekleton\hello_laravel_heroku\vendor\laravel\framework\src\Illuminate\Container\BoundMethod.php(86): value(Object(Closure))
#18 C:\Users\clay.shekleton\hello_laravel_heroku\vendor\laravel\framework\src\Illuminate\Container\BoundMethod.php(30): Illuminate\Container\BoundMethod::callBoundMethod(Object(Illuminate\Foundation\Application), Array, Object(Closure))
#19 C:\Users\clay.shekleton\hello_laravel_heroku\vendor\laravel\framework\src\Illuminate\Container\Container.php(524): Illuminate\Container\BoundMethod::call(Object(Illuminate\Foundation\Application), Array, Array, NULL)
#20 C:\Users\clay.shekleton\hello_laravel_heroku\vendor\laravel\framework\src\Illuminate\Console\Command.php(182): Illuminate\Container\Container->call(Array)
#21 C:\Users\clay.shekleton\hello_laravel_heroku\vendor\symfony\console\Command\Command.php(262): Illuminate\Console\Command->execute(Object(Symfony\Component\Console\Input\ArgvInput), Object(Illuminate\Console\OutputStyle))
#22 C:\Users\clay.shekleton\hello_laravel_heroku\vendor\laravel\framework\src\Illuminate\Console\Command.php(167): Symfony\Component\Console\Command\Command->run(Object(Symfony\Component\Console\Input\ArgvInput), Object(Illuminate\Console\OutputStyle))
#23 C:\Users\clay.shekleton\hello_laravel_heroku\vendor\symfony\console\Application.php(826): Illuminate\Console\Command->run(Object(Symfony\Component\Console\Input\ArgvInput), Object(Symfony\Component\Console\Output\ConsoleOutput))
#24 C:\Users\clay.shekleton\hello_laravel_heroku\vendor\symfony\console\Application.php(189): Symfony\Component\Console\Application->doRunCommand(Object(Illuminate\Database\Console\Migrations\MigrateCommand), Object(Symfony\Component\Console\Input\ArgvInput), Object(Symfony\Component\Console\Output\ConsoleOutput))
#25 C:\Users\clay.shekleton\hello_laravel_heroku\vendor\symfony\console\Application.php(120): Symfony\Component\Console\Application->doRun(Object(Symfony\Component\Console\Input\ArgvInput), Object(Symfony\Component\Console\Output\ConsoleOutput))
#26 C:\Users\clay.shekleton\hello_laravel_heroku\vendor\laravel\framework\src\Illuminate\Foundation\Console\Kernel.php(123): Symfony\Component\Console\Application->run(Object(Symfony\Component\Console\Input\ArgvInput), Object(Symfony\Component\Console\Output\ConsoleOutput))
#27 C:\Users\clay.shekleton\hello_laravel_heroku\artisan(35): Illuminate\Foundation\Console\Kernel->handle(Object(Symfony\Component\Console\Input\ArgvInput), Object(Symfony\Component\Console\Output\ConsoleOutput))
#28 {main}

Next Illuminate\Database\QueryException: Database (homestead) does not exist. (SQL: select * from sqlite_master where type = 'table' and name = migrations) in C:\Users\clay.shekleton\hello_laravel_heroku\vendor\laravel\framework\src\Illuminate\Database\Connection.php:647
Stack trace:
#0 C:\Users\clay.shekleton\hello_laravel_heroku\vendor\laravel\framework\src\Illuminate\Database\Connection.php(607): Illuminate\Database\Connection->runQueryCallback('select * from s...', Array, Object(Closure))
#1 C:\Users\clay.shekleton\hello_laravel_heroku\vendor\laravel\framework\src\Illuminate\Database\Connection.php(326): Illuminate\Database\Connection->run('select * from s...', Array, Object(Closure))
#2 C:\Users\clay.shekleton\hello_laravel_heroku\vendor\laravel\framework\src\Illuminate\Database\Schema\Builder.php(72): Illuminate\Database\Connection->select('select * from s...', Array)
#3 C:\Users\clay.shekleton\hello_laravel_heroku\vendor\laravel\framework\src\Illuminate\Database\Migrations\DatabaseMigrationRepository.php(154): Illuminate\Database\Schema\Builder->hasTable('migrations')
#4 C:\Users\clay.shekleton\hello_laravel_heroku\vendor\laravel\framework\src\Illuminate\Database\Migrations\Migrator.php(530): Illuminate\Database\Migrations\DatabaseMigrationRepository->repositoryExists()
#5 C:\Users\clay.shekleton\hello_laravel_heroku\vendor\laravel\framework\src\Illuminate\Database\Console\Migrations\MigrateCommand.php(96): Illuminate\Database\Migrations\Migrator->repositoryExists()
#6 C:\Users\clay.shekleton\hello_laravel_heroku\vendor\laravel\framework\src\Illuminate\Database\Console\Migrations\MigrateCommand.php(62): Illuminate\Database\Console\Migrations\MigrateCommand->prepareDatabase()
#7 [internal function]: Illuminate\Database\Console\Migrations\MigrateCommand->fire()
#8 C:\Users\clay.shekleton\hello_laravel_heroku\vendor\laravel\framework\src\Illuminate\Container\BoundMethod.php(28): call_user_func_array(Array, Array)
#9 C:\Users\clay.shekleton\hello_laravel_heroku\vendor\laravel\framework\src\Illuminate\Support\helpers.php(912): Illuminate\Container\BoundMethod::Illuminate\Container\{closure}()
#10 C:\Users\clay.shekleton\hello_laravel_heroku\vendor\laravel\framework\src\Illuminate\Container\BoundMethod.php(86): value(Object(Closure))
#11 C:\Users\clay.shekleton\hello_laravel_heroku\vendor\laravel\framework\src\Illuminate\Container\BoundMethod.php(30): Illuminate\Container\BoundMethod::callBoundMethod(Object(Illuminate\Foundation\Application), Array, Object(Closure))
#12 C:\Users\clay.shekleton\hello_laravel_heroku\vendor\laravel\framework\src\Illuminate\Container\Container.php(524): Illuminate\Container\BoundMethod::call(Object(Illuminate\Foundation\Application), Array, Array, NULL)
#13 C:\Users\clay.shekleton\hello_laravel_heroku\vendor\laravel\framework\src\Illuminate\Console\Command.php(182): Illuminate\Container\Container->call(Array)
#14 C:\Users\clay.shekleton\hello_laravel_heroku\vendor\symfony\console\Command\Command.php(262): Illuminate\Console\Command->execute(Object(Symfony\Component\Console\Input\ArgvInput), Object(Illuminate\Console\OutputStyle))
#15 C:\Users\clay.shekleton\hello_laravel_heroku\vendor\laravel\framework\src\Illuminate\Console\Command.php(167): Symfony\Component\Console\Command\Command->run(Object(Symfony\Component\Console\Input\ArgvInput), Object(Illuminate\Console\OutputStyle))
#16 C:\Users\clay.shekleton\hello_laravel_heroku\vendor\symfony\console\Application.php(826): Illuminate\Console\Command->run(Object(Symfony\Component\Console\Input\ArgvInput), Object(Symfony\Component\Console\Output\ConsoleOutput))
#17 C:\Users\clay.shekleton\hello_laravel_heroku\vendor\symfony\console\Application.php(189): Symfony\Component\Console\Application->doRunCommand(Object(Illuminate\Database\Console\Migrations\MigrateCommand), Object(Symfony\Component\Console\Input\ArgvInput), Object(Symfony\Component\Console\Output\ConsoleOutput))
#18 C:\Users\clay.shekleton\hello_laravel_heroku\vendor\symfony\console\Application.php(120): Symfony\Component\Console\Application->doRun(Object(Symfony\Component\Console\Input\ArgvInput), Object(Symfony\Component\Console\Output\ConsoleOutput))
#19 C:\Users\clay.shekleton\hello_laravel_heroku\vendor\laravel\framework\src\Illuminate\Foundation\Console\Kernel.php(123): Symfony\Component\Console\Application->run(Object(Symfony\Component\Console\Input\ArgvInput), Object(Symfony\Component\Console\Output\ConsoleOutput))
#20 C:\Users\clay.shekleton\hello_laravel_heroku\artisan(35): Illuminate\Foundation\Console\Kernel->handle(Object(Symfony\Component\Console\Input\ArgvInput), Object(Symfony\Component\Console\Output\ConsoleOutput))
#21 {main}  

[08-Feb-2017 02:19:56 UTC] [2017-02-08 02:19:56] local.ERROR: PDOException: could not find driver in C:\Users\clay.shekleton\hello_laravel_heroku\vendor\laravel\framework\src\Illuminate\Database\Connectors\Connector.php:68
Stack trace:
#0 C:\Users\clay.shekleton\hello_laravel_heroku\vendor\laravel\framework\src\Illuminate\Database\Connectors\Connector.php(68): PDO->__construct('sqlite:C:\\Users...', NULL, NULL, Array)
#1 C:\Users\clay.shekleton\hello_laravel_heroku\vendor\laravel\framework\src\Illuminate\Database\Connectors\Connector.php(43): Illuminate\Database\Connectors\Connector->createPdoConnection('sqlite:C:\\Users...', NULL, NULL, Array)
#2 C:\Users\clay.shekleton\hello_laravel_heroku\vendor\laravel\framework\src\Illuminate\Database\Connectors\SQLiteConnector.php(37): Illuminate\Database\Connectors\Connector->createConnection('sqlite:C:\\Users...', Array, Array)
#3 C:\Users\clay.shekleton\hello_laravel_heroku\vendor\laravel\framework\src\Illuminate\Database\Connectors\ConnectionFactory.php(221): Illuminate\Database\Connectors\SQLiteConnector->connect(Array)
#4 [internal function]: Illuminate\Database\Connectors\ConnectionFactory->Illuminate\Database\Connectors\{closure}()
#5 C:\Users\clay.shekleton\hello_laravel_heroku\vendor\laravel\framework\src\Illuminate\Database\Connection.php(882): call_user_func(Object(Closure))
#6 C:\Users\clay.shekleton\hello_laravel_heroku\vendor\laravel\framework\src\Illuminate\Database\Connection.php(903): Illuminate\Database\Connection->getPdo()
#7 C:\Users\clay.shekleton\hello_laravel_heroku\vendor\laravel\framework\src\Illuminate\Database\Connection.php(392): Illuminate\Database\Connection->getReadPdo()
#8 C:\Users\clay.shekleton\hello_laravel_heroku\vendor\laravel\framework\src\Illuminate\Database\Connection.php(318): Illuminate\Database\Connection->getPdoForSelect(true)
#9 C:\Users\clay.shekleton\hello_laravel_heroku\vendor\laravel\framework\src\Illuminate\Database\Connection.php(640): Illuminate\Database\Connection->Illuminate\Database\{closure}('select * from s...', Array)
#10 C:\Users\clay.shekleton\hello_laravel_heroku\vendor\laravel\framework\src\Illuminate\Database\Connection.php(607): Illuminate\Database\Connection->runQueryCallback('select * from s...', Array, Object(Closure))
#11 C:\Users\clay.shekleton\hello_laravel_heroku\vendor\laravel\framework\src\Illuminate\Database\Connection.php(326): Illuminate\Database\Connection->run('select * from s...', Array, Object(Closure))
#12 C:\Users\clay.shekleton\hello_laravel_heroku\vendor\laravel\framework\src\Illuminate\Database\Schema\Builder.php(72): Illuminate\Database\Connection->select('select * from s...', Array)
#13 C:\Users\clay.shekleton\hello_laravel_heroku\vendor\laravel\framework\src\Illuminate\Database\Migrations\DatabaseMigrationRepository.php(154): Illuminate\Database\Schema\Builder->hasTable('migrations')
#14 C:\Users\clay.shekleton\hello_laravel_heroku\vendor\laravel\framework\src\Illuminate\Database\Migrations\Migrator.php(530): Illuminate\Database\Migrations\DatabaseMigrationRepository->repositoryExists()
#15 C:\Users\clay.shekleton\hello_laravel_heroku\vendor\laravel\framework\src\Illuminate\Database\Console\Migrations\MigrateCommand.php(96): Illuminate\Database\Migrations\Migrator->repositoryExists()
#16 C:\Users\clay.shekleton\hello_laravel_heroku\vendor\laravel\framework\src\Illuminate\Database\Console\Migrations\MigrateCommand.php(62): Illuminate\Database\Console\Migrations\MigrateCommand->prepareDatabase()
#17 [internal function]: Illuminate\Database\Console\Migrations\MigrateCommand->fire()
#18 C:\Users\clay.shekleton\hello_laravel_heroku\vendor\laravel\framework\src\Illuminate\Container\BoundMethod.php(28): call_user_func_array(Array, Array)
#19 C:\Users\clay.shekleton\hello_laravel_heroku\vendor\laravel\framework\src\Illuminate\Support\helpers.php(912): Illuminate\Container\BoundMethod::Illuminate\Container\{closure}()
#20 C:\Users\clay.shekleton\hello_laravel_heroku\vendor\laravel\framework\src\Illuminate\Container\BoundMethod.php(86): value(Object(Closure))
#21 C:\Users\clay.shekleton\hello_laravel_heroku\vendor\laravel\framework\src\Illuminate\Container\BoundMethod.php(30): Illuminate\Container\BoundMethod::callBoundMethod(Object(Illuminate\Foundation\Application), Array, Object(Closure))
#22 C:\Users\clay.shekleton\hello_laravel_heroku\vendor\laravel\framework\src\Illuminate\Container\Container.php(524): Illuminate\Container\BoundMethod::call(Object(Illuminate\Foundation\Application), Array, Array, NULL)
#23 C:\Users\clay.shekleton\hello_laravel_heroku\vendor\laravel\framework\src\Illuminate\Console\Command.php(182): Illuminate\Container\Container->call(Array)
#24 C:\Users\clay.shekleton\hello_laravel_heroku\vendor\symfony\console\Command\Command.php(262): Illuminate\Console\Command->execute(Object(Symfony\Component\Console\Input\ArgvInput), Object(Illuminate\Console\OutputStyle))
#25 C:\Users\clay.shekleton\hello_laravel_heroku\vendor\laravel\framework\src\Illuminate\Console\Command.php(167): Symfony\Component\Console\Command\Command->run(Object(Symfony\Component\Console\Input\ArgvInput), Object(Illuminate\Console\OutputStyle))
#26 C:\Users\clay.shekleton\hello_laravel_heroku\vendor\symfony\console\Application.php(826): Illuminate\Console\Command->run(Object(Symfony\Component\Console\Input\ArgvInput), Object(Symfony\Component\Console\Output\ConsoleOutput))
#27 C:\Users\clay.shekleton\hello_laravel_heroku\vendor\symfony\console\Application.php(189): Symfony\Component\Console\Application->doRunCommand(Object(Illuminate\Database\Console\Migrations\MigrateCommand), Object(Symfony\Component\Console\Input\ArgvInput), Object(Symfony\Component\Console\Output\ConsoleOutput))
#28 C:\Users\clay.shekleton\hello_laravel_heroku\vendor\symfony\console\Application.php(120): Symfony\Component\Console\Application->doRun(Object(Symfony\Component\Console\Input\ArgvInput), Object(Symfony\Component\Console\Output\ConsoleOutput))
#29 C:\Users\clay.shekleton\hello_laravel_heroku\vendor\laravel\framework\src\Illuminate\Foundation\Console\Kernel.php(123): Symfony\Component\Console\Application->run(Object(Symfony\Component\Console\Input\ArgvInput), Object(Symfony\Component\Console\Output\ConsoleOutput))
#30 C:\Users\clay.shekleton\hello_laravel_heroku\artisan(35): Illuminate\Foundation\Console\Kernel->handle(Object(Symfony\Component\Console\Input\ArgvInput), Object(Symfony\Component\Console\Output\ConsoleOutput))
#31 {main}

Next Illuminate\Database\QueryException: could not find driver (SQL: select * from sqlite_master where type = 'table' and name = migrations) in C:\Users\clay.shekleton\hello_laravel_heroku\vendor\laravel\framework\src\Illuminate\Database\Connection.php:647
Stack trace:
#0 C:\Users\clay.shekleton\hello_laravel_heroku\vendor\laravel\framework\src\Illuminate\Database\Connection.php(607): Illuminate\Database\Connection->runQueryCallback('select * from s...', Array, Object(Closure))
#1 C:\Users\clay.shekleton\hello_laravel_heroku\vendor\laravel\framework\src\Illuminate\Database\Connection.php(326): Illuminate\Database\Connection->run('select * from s...', Array, Object(Closure))
#2 C:\Users\clay.shekleton\hello_laravel_heroku\vendor\laravel\framework\src\Illuminate\Database\Schema\Builder.php(72): Illuminate\Database\Connection->select('select * from s...', Array)
#3 C:\Users\clay.shekleton\hello_laravel_heroku\vendor\laravel\framework\src\Illuminate\Database\Migrations\DatabaseMigrationRepository.php(154): Illuminate\Database\Schema\Builder->hasTable('migrations')
#4 C:\Users\clay.shekleton\hello_laravel_heroku\vendor\laravel\framework\src\Illuminate\Database\Migrations\Migrator.php(530): Illuminate\Database\Migrations\DatabaseMigrationRepository->repositoryExists()
#5 C:\Users\clay.shekleton\hello_laravel_heroku\vendor\laravel\framework\src\Illuminate\Database\Console\Migrations\MigrateCommand.php(96): Illuminate\Database\Migrations\Migrator->repositoryExists()
#6 C:\Users\clay.shekleton\hello_laravel_heroku\vendor\laravel\framework\src\Illuminate\Database\Console\Migrations\MigrateCommand.php(62): Illuminate\Database\Console\Migrations\MigrateCommand->prepareDatabase()
#7 [internal function]: Illuminate\Database\Console\Migrations\MigrateCommand->fire()
#8 C:\Users\clay.shekleton\hello_laravel_heroku\vendor\laravel\framework\src\Illuminate\Container\BoundMethod.php(28): call_user_func_array(Array, Array)
#9 C:\Users\clay.shekleton\hello_laravel_heroku\vendor\laravel\framework\src\Illuminate\Support\helpers.php(912): Illuminate\Container\BoundMethod::Illuminate\Container\{closure}()
#10 C:\Users\clay.shekleton\hello_laravel_heroku\vendor\laravel\framework\src\Illuminate\Container\BoundMethod.php(86): value(Object(Closure))
#11 C:\Users\clay.shekleton\hello_laravel_heroku\vendor\laravel\framework\src\Illuminate\Container\BoundMethod.php(30): Illuminate\Container\BoundMethod::callBoundMethod(Object(Illuminate\Foundation\Application), Array, Object(Closure))
#12 C:\Users\clay.shekleton\hello_laravel_heroku\vendor\laravel\framework\src\Illuminate\Container\Container.php(524): Illuminate\Container\BoundMethod::call(Object(Illuminate\Foundation\Application), Array, Array, NULL)
#13 C:\Users\clay.shekleton\hello_laravel_heroku\vendor\laravel\framework\src\Illuminate\Console\Command.php(182): Illuminate\Container\Container->call(Array)
#14 C:\Users\clay.shekleton\hello_laravel_heroku\vendor\symfony\console\Command\Command.php(262): Illuminate\Console\Command->execute(Object(Symfony\Component\Console\Input\ArgvInput), Object(Illuminate\Console\OutputStyle))
#15 C:\Users\clay.shekleton\hello_laravel_heroku\vendor\laravel\framework\src\Illuminate\Console\Command.php(167): Symfony\Component\Console\Command\Command->run(Object(Symfony\Component\Console\Input\ArgvInput), Object(Illuminate\Console\OutputStyle))
#16 C:\Users\clay.shekleton\hello_laravel_heroku\vendor\symfony\console\Application.php(826): Illuminate\Console\Command->run(Object(Symfony\Component\Console\Input\ArgvInput), Object(Symfony\Component\Console\Output\ConsoleOutput))
#17 C:\Users\clay.shekleton\hello_laravel_heroku\vendor\symfony\console\Application.php(189): Symfony\Component\Console\Application->doRunCommand(Object(Illuminate\Database\Console\Migrations\MigrateCommand), Object(Symfony\Component\Console\Input\ArgvInput), Object(Symfony\Component\Console\Output\ConsoleOutput))
#18 C:\Users\clay.shekleton\hello_laravel_heroku\vendor\symfony\console\Application.php(120): Symfony\Component\Console\Application->doRun(Object(Symfony\Component\Console\Input\ArgvInput), Object(Symfony\Component\Console\Output\ConsoleOutput))
#19 C:\Users\clay.shekleton\hello_laravel_heroku\vendor\laravel\framework\src\Illuminate\Foundation\Console\Kernel.php(123): Symfony\Component\Console\Application->run(Object(Symfony\Component\Console\Input\ArgvInput), Object(Symfony\Component\Console\Output\ConsoleOutput))
#20 C:\Users\clay.shekleton\hello_laravel_heroku\artisan(35): Illuminate\Foundation\Console\Kernel->handle(Object(Symfony\Component\Console\Input\ArgvInput), Object(Symfony\Component\Console\Output\ConsoleOutput))
#21 {main}  

